<?xml version="1.0" encoding="UTF-8"?>
<testng-results ignored="2" total="8" passed="5" failed="1" skipped="0">
  <reporter-output>
  </reporter-output>
  <suite started-at="2022-01-07T18:12:40 IST" name="Suite" finished-at="2022-01-07T18:17:25 IST" duration-ms="284735">
    <groups>
    </groups>
    <test started-at="2022-01-07T18:12:40 IST" name="Test" finished-at="2022-01-07T18:17:25 IST" duration-ms="284735">
      <class name="com.Test_Cases.Test_Search_Flights">
        <test-method is-config="true" signature="extentReportSetUp()[pri:0, instance:com.Test_Cases.Test_Search_Flights@72057ecf]" started-at="2022-01-07T18:12:40 IST" name="extentReportSetUp" finished-at="2022-01-07T18:12:41 IST" duration-ms="935" status="PASS">
          <reporter-output>
          </reporter-output>
        </test-method> <!-- extentReportSetUp -->
        <test-method is-config="true" signature="browserSetUp()[pri:0, instance:com.Test_Cases.Test_Search_Flights@72057ecf]" started-at="2022-01-07T18:12:41 IST" name="browserSetUp" finished-at="2022-01-07T18:13:06 IST" duration-ms="24402" status="PASS">
          <reporter-output>
          </reporter-output>
        </test-method> <!-- browserSetUp -->
        <test-method signature="LoginTest()[pri:0, instance:com.Test_Cases.Test_Search_Flights@72057ecf]" started-at="2022-01-07T18:13:06 IST" name="LoginTest" finished-at="2022-01-07T18:13:13 IST" duration-ms="7456" status="PASS">
          <reporter-output>
          </reporter-output>
        </test-method> <!-- LoginTest -->
        <test-method is-config="true" signature="close_window()[pri:0, instance:com.Test_Cases.Test_Search_Flights@72057ecf]" started-at="2022-01-07T18:13:13 IST" name="close_window" finished-at="2022-01-07T18:13:15 IST" duration-ms="1501" status="PASS">
          <reporter-output>
          </reporter-output>
        </test-method> <!-- close_window -->
        <test-method is-config="true" signature="browserSetUp()[pri:0, instance:com.Test_Cases.Test_Search_Flights@72057ecf]" started-at="2022-01-07T18:13:15 IST" name="browserSetUp" finished-at="2022-01-07T18:13:44 IST" duration-ms="28702" status="PASS">
          <reporter-output>
          </reporter-output>
        </test-method> <!-- browserSetUp -->
        <test-method signature="m_flights_page()[pri:0, instance:com.Test_Cases.Test_Search_Flights@72057ecf]" started-at="2022-01-07T18:13:44 IST" name="m_flights_page" finished-at="2022-01-07T18:13:51 IST" duration-ms="7098" status="PASS">
          <reporter-output>
          </reporter-output>
        </test-method> <!-- m_flights_page -->
        <test-method is-config="true" signature="close_window()[pri:0, instance:com.Test_Cases.Test_Search_Flights@72057ecf]" started-at="2022-01-07T18:13:51 IST" name="close_window" finished-at="2022-01-07T18:13:52 IST" duration-ms="1670" status="PASS">
          <reporter-output>
          </reporter-output>
        </test-method> <!-- close_window -->
        <test-method is-config="true" signature="browserSetUp()[pri:0, instance:com.Test_Cases.Test_Search_Flights@72057ecf]" started-at="2022-01-07T18:13:52 IST" name="browserSetUp" finished-at="2022-01-07T18:14:03 IST" duration-ms="11010" status="PASS">
          <reporter-output>
          </reporter-output>
        </test-method> <!-- browserSetUp -->
        <test-method signature="phLogin()[pri:0, instance:com.Test_Cases.Test_Search_Flights@72057ecf]" started-at="2022-01-07T18:14:03 IST" name="phLogin" finished-at="2022-01-07T18:14:09 IST" duration-ms="5395" status="PASS">
          <reporter-output>
          </reporter-output>
        </test-method> <!-- phLogin -->
        <test-method is-config="true" signature="close_window()[pri:0, instance:com.Test_Cases.Test_Search_Flights@72057ecf]" started-at="2022-01-07T18:14:09 IST" name="close_window" finished-at="2022-01-07T18:14:10 IST" duration-ms="788" status="PASS">
          <reporter-output>
          </reporter-output>
        </test-method> <!-- close_window -->
        <test-method is-config="true" signature="browserSetUp()[pri:0, instance:com.Test_Cases.Test_Search_Flights@72057ecf]" started-at="2022-01-07T18:14:10 IST" name="browserSetUp" finished-at="2022-01-07T18:14:24 IST" duration-ms="14435" status="PASS">
          <reporter-output>
          </reporter-output>
        </test-method> <!-- browserSetUp -->
        <test-method signature="searchFlights()[pri:0, instance:com.Test_Cases.Test_Search_Flights@72057ecf]" started-at="2022-01-07T18:14:24 IST" name="searchFlights" finished-at="2022-01-07T18:15:51 IST" duration-ms="86703" status="FAIL">
          <exception class="org.openqa.selenium.NoSuchElementException">
            <message>
              <![CDATA[no such element: Unable to locate element: {"method":"xpath","selector":"//div[@class='emailId']"}
  (Session info: chrome=96.0.4664.110)
For documentation on this error, please visit: https://www.seleniumhq.org/exceptions/no_such_element.html
Build info: version: '3.141.59', revision: 'e82be7d358', time: '2018-11-14T08:17:03'
System info: host: 'DESKTOP-O77GU5V', ip: '192.168.1.35', os.name: 'Windows 10', os.arch: 'amd64', os.version: '10.0', java.version: '17.0.1'
Driver info: org.openqa.selenium.chrome.ChromeDriver
Capabilities {acceptInsecureCerts: false, browserName: chrome, browserVersion: 96.0.4664.110, chrome: {chromedriverVersion: 96.0.4664.45 (76e4c1bb2ab46..., userDataDir: C:\Users\nandi\AppData\Loca...}, goog:chromeOptions: {debuggerAddress: localhost:54421}, javascriptEnabled: true, networkConnectionEnabled: false, pageLoadStrategy: normal, platform: WINDOWS, platformName: WINDOWS, proxy: Proxy(), setWindowRect: true, strictFileInteractability: false, timeouts: {implicit: 0, pageLoad: 300000, script: 30000}, unhandledPromptBehavior: dismiss and notify, webauthn:extension:credBlob: true, webauthn:extension:largeBlob: true, webauthn:virtualAuthenticators: true}
Session ID: a60c90f14b9524895f78a60cdcfc8793
*** Element info: {Using=xpath, value=//div[@class='emailId']}]]>
            </message>
            <full-stacktrace>
              <![CDATA[org.openqa.selenium.NoSuchElementException: no such element: Unable to locate element: {"method":"xpath","selector":"//div[@class='emailId']"}
  (Session info: chrome=96.0.4664.110)
For documentation on this error, please visit: https://www.seleniumhq.org/exceptions/no_such_element.html
Build info: version: '3.141.59', revision: 'e82be7d358', time: '2018-11-14T08:17:03'
System info: host: 'DESKTOP-O77GU5V', ip: '192.168.1.35', os.name: 'Windows 10', os.arch: 'amd64', os.version: '10.0', java.version: '17.0.1'
Driver info: org.openqa.selenium.chrome.ChromeDriver
Capabilities {acceptInsecureCerts: false, browserName: chrome, browserVersion: 96.0.4664.110, chrome: {chromedriverVersion: 96.0.4664.45 (76e4c1bb2ab46..., userDataDir: C:\Users\nandi\AppData\Loca...}, goog:chromeOptions: {debuggerAddress: localhost:54421}, javascriptEnabled: true, networkConnectionEnabled: false, pageLoadStrategy: normal, platform: WINDOWS, platformName: WINDOWS, proxy: Proxy(), setWindowRect: true, strictFileInteractability: false, timeouts: {implicit: 0, pageLoad: 300000, script: 30000}, unhandledPromptBehavior: dismiss and notify, webauthn:extension:credBlob: true, webauthn:extension:largeBlob: true, webauthn:virtualAuthenticators: true}
Session ID: a60c90f14b9524895f78a60cdcfc8793
*** Element info: {Using=xpath, value=//div[@class='emailId']}
at java.base/jdk.internal.reflect.NativeConstructorAccessorImpl.newInstance0(Native Method)
at java.base/jdk.internal.reflect.NativeConstructorAccessorImpl.newInstance(NativeConstructorAccessorImpl.java:77)
at java.base/jdk.internal.reflect.DelegatingConstructorAccessorImpl.newInstance(DelegatingConstructorAccessorImpl.java:45)
at java.base/java.lang.reflect.Constructor.newInstanceWithCaller(Constructor.java:499)
at java.base/java.lang.reflect.Constructor.newInstance(Constructor.java:480)
at org.openqa.selenium.remote.http.W3CHttpResponseCodec.createException(W3CHttpResponseCodec.java:187)
at org.openqa.selenium.remote.http.W3CHttpResponseCodec.decode(W3CHttpResponseCodec.java:122)
at org.openqa.selenium.remote.http.W3CHttpResponseCodec.decode(W3CHttpResponseCodec.java:49)
at org.openqa.selenium.remote.HttpCommandExecutor.execute(HttpCommandExecutor.java:158)
at org.openqa.selenium.remote.service.DriverCommandExecutor.execute(DriverCommandExecutor.java:83)
at org.openqa.selenium.remote.RemoteWebDriver.execute(RemoteWebDriver.java:552)
at org.openqa.selenium.remote.RemoteWebDriver.findElement(RemoteWebDriver.java:323)
at org.openqa.selenium.remote.RemoteWebDriver.findElementByXPath(RemoteWebDriver.java:428)
at org.openqa.selenium.By$ByXPath.findElement(By.java:353)
at org.openqa.selenium.remote.RemoteWebDriver.findElement(RemoteWebDriver.java:315)
at com.POM.Search_Flights.bookingTicket(Search_Flights.java:137)
at com.Test_Cases.Test_Search_Flights.searchFlights(Test_Search_Flights.java:101)
at java.base/jdk.internal.reflect.NativeMethodAccessorImpl.invoke0(Native Method)
at java.base/jdk.internal.reflect.NativeMethodAccessorImpl.invoke(NativeMethodAccessorImpl.java:77)
at java.base/jdk.internal.reflect.DelegatingMethodAccessorImpl.invoke(DelegatingMethodAccessorImpl.java:43)
at java.base/java.lang.reflect.Method.invoke(Method.java:568)
at org.testng.internal.MethodInvocationHelper.invokeMethod(MethodInvocationHelper.java:133)
at org.testng.internal.TestInvoker.invokeMethod(TestInvoker.java:598)
at org.testng.internal.TestInvoker.invokeTestMethod(TestInvoker.java:173)
at org.testng.internal.MethodRunner.runInSequence(MethodRunner.java:46)
at org.testng.internal.TestInvoker$MethodInvocationAgent.invoke(TestInvoker.java:824)
at org.testng.internal.TestInvoker.invokeTestMethods(TestInvoker.java:146)
at org.testng.internal.TestMethodWorker.invokeTestMethods(TestMethodWorker.java:146)
at org.testng.internal.TestMethodWorker.run(TestMethodWorker.java:128)
at java.base/java.util.ArrayList.forEach(ArrayList.java:1511)
at org.testng.TestRunner.privateRun(TestRunner.java:794)
at org.testng.TestRunner.run(TestRunner.java:596)
at org.testng.SuiteRunner.runTest(SuiteRunner.java:377)
at org.testng.SuiteRunner.runSequentially(SuiteRunner.java:371)
at org.testng.SuiteRunner.privateRun(SuiteRunner.java:332)
at org.testng.SuiteRunner.run(SuiteRunner.java:276)
at org.testng.SuiteRunnerWorker.runSuite(SuiteRunnerWorker.java:53)
at org.testng.SuiteRunnerWorker.run(SuiteRunnerWorker.java:96)
at org.testng.TestNG.runSuitesSequentially(TestNG.java:1212)
at org.testng.TestNG.runSuitesLocally(TestNG.java:1134)
at org.testng.TestNG.runSuites(TestNG.java:1063)
at org.testng.TestNG.run(TestNG.java:1031)
at org.testng.remote.AbstractRemoteTestNG.run(AbstractRemoteTestNG.java:115)
at org.testng.remote.RemoteTestNG.initAndRun(RemoteTestNG.java:251)
at org.testng.remote.RemoteTestNG.main(RemoteTestNG.java:77)
]]>
            </full-stacktrace>
          </exception> <!-- org.openqa.selenium.NoSuchElementException -->
          <reporter-output>
          </reporter-output>
        </test-method> <!-- searchFlights -->
        <test-method is-config="true" signature="close_window()[pri:0, instance:com.Test_Cases.Test_Search_Flights@72057ecf]" started-at="2022-01-07T18:15:51 IST" name="close_window" finished-at="2022-01-07T18:15:52 IST" duration-ms="1211" status="PASS">
          <reporter-output>
          </reporter-output>
        </test-method> <!-- close_window -->
        <test-method is-config="true" signature="browserSetUp()[pri:0, instance:com.Test_Cases.Test_Search_Flights@72057ecf]" started-at="2022-01-07T18:15:52 IST" name="browserSetUp" finished-at="2022-01-07T18:16:04 IST" duration-ms="12130" status="PASS">
          <reporter-output>
          </reporter-output>
        </test-method> <!-- browserSetUp -->
        <test-method signature="v_booking_cred()[pri:0, instance:com.Test_Cases.Test_Search_Flights@72057ecf]" started-at="2022-01-07T18:16:04 IST" name="v_booking_cred" finished-at="2022-01-07T18:17:23 IST" duration-ms="79402" status="PASS">
          <reporter-output>
          </reporter-output>
        </test-method> <!-- v_booking_cred -->
        <test-method is-config="true" signature="close_window()[pri:0, instance:com.Test_Cases.Test_Search_Flights@72057ecf]" started-at="2022-01-07T18:17:23 IST" name="close_window" finished-at="2022-01-07T18:17:25 IST" duration-ms="1733" status="PASS">
          <reporter-output>
          </reporter-output>
        </test-method> <!-- close_window -->
        <test-method is-config="true" signature="afterMethod()[pri:0, instance:com.Test_Cases.Test_Search_Flights@72057ecf]" started-at="2022-01-07T18:17:25 IST" name="afterMethod" finished-at="2022-01-07T18:17:27 IST" duration-ms="1238" status="PASS">
          <reporter-output>
          </reporter-output>
        </test-method> <!-- afterMethod -->
      </class> <!-- com.Test_Cases.Test_Search_Flights -->
      <class name="MMT_FINAL_PROJECT.MMT_FINAL_PROJECT.AppTest">
        <test-method signature="testApp()[pri:0, instance:MMT_FINAL_PROJECT.MMT_FINAL_PROJECT.AppTest@9225652]" started-at="2022-01-07T18:12:41 IST" name="testApp" finished-at="2022-01-07T18:12:41 IST" duration-ms="15" status="PASS">
          <reporter-output>
          </reporter-output>
        </test-method> <!-- testApp -->
      </class> <!-- MMT_FINAL_PROJECT.MMT_FINAL_PROJECT.AppTest -->
    </test> <!-- Test -->
  </suite> <!-- Suite -->
</testng-results>
